<?xml version="1.0" encoding="UTF-8"?>
<!-- Generated by org.testng.reporters.JUnitXMLReporter -->
<testsuite hostname="dell" ignored="0" name="Default test" tests="21" failures="0" timestamp="2020-12-06T23:56:01 IST" time="13.252" errors="0">
  <testcase name="testheadingPresent" time="0.08" classname="com.cts.irctc.seleniumtestcases.IrctcFormTests"/>
  <testcase name="testcustomerNamePresentsTagNameType" time="0.05" classname="com.cts.irctc.seleniumtestcases.IrctcFormTests"/>
  <testcase name="testmobileNumberPresentsTagNameType" time="0.036" classname="com.cts.irctc.seleniumtestcases.IrctcFormTests"/>
  <testcase name="testFromCityPresentsTagNameType" time="0.018" classname="com.cts.irctc.seleniumtestcases.IrctcFormTests"/>
  <testcase name="testToCityPresentsTagNameType" time="0.011" classname="com.cts.irctc.seleniumtestcases.IrctcFormTests"/>
  <testcase name="testTravelClassPresentsTagNameType" time="0.009" classname="com.cts.irctc.seleniumtestcases.IrctcFormTests"/>
  <testcase name="testNoOfTicketsPresentsTagNameType" time="0.01" classname="com.cts.irctc.seleniumtestcases.IrctcFormTests"/>
  <testcase name="testsubmitPresentsTagNameType" time="0.028" classname="com.cts.irctc.seleniumtestcases.IrctcFormTests"/>
  <testcase name="testFormPresentActionValueMethodName" time="0.024" classname="com.cts.irctc.seleniumtestcases.IrctcFormTests"/>
  <testcase name="testcustomerNameEmpty" time="0.128" classname="com.cts.irctc.seleniumtestcases.IrctcFormTests"/>
  <testcase name="testmobileNumberWrong" time="0.118" classname="com.cts.irctc.seleniumtestcases.IrctcFormTests"/>
  <testcase name="testmobileNumberWrong1" time="0.111" classname="com.cts.irctc.seleniumtestcases.IrctcFormTests"/>
  <testcase name="testFromCity" time="0.064" classname="com.cts.irctc.seleniumtestcases.IrctcFormTests"/>
  <testcase name="testToCity" time="0.053" classname="com.cts.irctc.seleniumtestcases.IrctcFormTests"/>
  <testcase name="testTravelClass" time="0.055" classname="com.cts.irctc.seleniumtestcases.IrctcFormTests"/>
  <testcase name="testNoOfTicketsWrong1" time="0.217" classname="com.cts.irctc.seleniumtestcases.IrctcFormTests"/>
  <testcase name="testNoOfTicketsWrong2" time="0.449" classname="com.cts.irctc.seleniumtestcases.IrctcFormTests"/>
  <testcase name="testSubmitActionForSameFromAndToCity" time="0.425" classname="com.cts.irctc.seleniumtestcases.IrctcFormTests"/>
  <testcase name="testSubmitActionWithTicketBookingResult" time="0.63" classname="com.cts.irctc.seleniumtestcases.IrctcFormTests"/>
  <testcase name="testSubmitActionWithTrainNotFound1" time="0.31" classname="com.cts.irctc.seleniumtestcases.IrctcFormTests"/>
  <testcase name="testSubmitActionWithTrainNotFound2" time="0.344" classname="com.cts.irctc.seleniumtestcases.IrctcFormTests"/>
</testsuite> <!-- Default test -->
